[2025-09-26 13:30:01] Starting database import process...
[2025-09-26 13:30:01] Testing database connection...
[0;32m[SUCCESS] Database connection successful[0m
[2025-09-26 13:30:01] Enabling local_infile...
[2025-09-26 13:30:01] Creating database schema...
[0;32m[SUCCESS] Database schema created successfully[0m
[2025-09-26 13:30:01] Starting data import...
[2025-09-26 13:30:01] Starting import of all active domain files...
[2025-09-26 13:30:01] Importing active domains from: active_part10.csv
[1;33m[WARNING] LOAD DATA LOCAL INFILE failed, using alternative method...[0m
[2025-09-26 13:30:01] Using alternative import method for active_part10.csv...
[0;32m[SUCCESS] Imported [2025-09-26 13:30:01] Using alternative import method for active_part10.csv...
0 active domains from active_part10.csv[0m
[0;31m[ERROR] Invalid count returned for active_part10.csv: [2025-09-26 13:30:01] Importing active domains from: active_part10.csv
[1;33m[WARNING] LOAD DATA LOCAL INFILE failed, using alternative method...[0m
[0;32m[SUCCESS] Imported [2025-09-26 13:30:01] Using alternative import method for active_part10.csv...
0 active domains from active_part10.csv[0m
[2025-09-26 13:30:01] Using alternative import method for active_part10.csv...
0[0m
[2025-09-26 13:30:03] Importing active domains from: active_part11.csv
[1;33m[WARNING] LOAD DATA LOCAL INFILE failed, using alternative method...[0m
[2025-09-26 13:30:03] Using alternative import method for active_part11.csv...
[0;32m[SUCCESS] Imported [2025-09-26 13:30:03] Using alternative import method for active_part11.csv...
0 active domains from active_part11.csv[0m
[0;31m[ERROR] Invalid count returned for active_part11.csv: [2025-09-26 13:30:03] Importing active domains from: active_part11.csv
[1;33m[WARNING] LOAD DATA LOCAL INFILE failed, using alternative method...[0m
[0;32m[SUCCESS] Imported [2025-09-26 13:30:03] Using alternative import method for active_part11.csv...
0 active domains from active_part11.csv[0m
[2025-09-26 13:30:03] Using alternative import method for active_part11.csv...
0[0m
[2025-09-26 13:30:06] Importing active domains from: active_part12.csv
[1;33m[WARNING] LOAD DATA LOCAL INFILE failed, using alternative method...[0m
[2025-09-26 13:30:06] Using alternative import method for active_part12.csv...
[0;32m[SUCCESS] Imported [2025-09-26 13:30:06] Using alternative import method for active_part12.csv...
0 active domains from active_part12.csv[0m
[0;31m[ERROR] Invalid count returned for active_part12.csv: [2025-09-26 13:30:06] Importing active domains from: active_part12.csv
[1;33m[WARNING] LOAD DATA LOCAL INFILE failed, using alternative method...[0m
[0;32m[SUCCESS] Imported [2025-09-26 13:30:06] Using alternative import method for active_part12.csv...
0 active domains from active_part12.csv[0m
[2025-09-26 13:30:06] Using alternative import method for active_part12.csv...
0[0m
[2025-09-26 13:30:09] Importing active domains from: active_part13.csv
[1;33m[WARNING] LOAD DATA LOCAL INFILE failed, using alternative method...[0m
[2025-09-26 13:30:09] Using alternative import method for active_part13.csv...
[0;32m[SUCCESS] Imported [2025-09-26 13:30:09] Using alternative import method for active_part13.csv...
0 active domains from active_part13.csv[0m
[0;31m[ERROR] Invalid count returned for active_part13.csv: [2025-09-26 13:30:09] Importing active domains from: active_part13.csv
[1;33m[WARNING] LOAD DATA LOCAL INFILE failed, using alternative method...[0m
[0;32m[SUCCESS] Imported [2025-09-26 13:30:09] Using alternative import method for active_part13.csv...
0 active domains from active_part13.csv[0m
[2025-09-26 13:30:09] Using alternative import method for active_part13.csv...
0[0m
[2025-09-26 13:30:13] Importing active domains from: active_part1.csv
[1;33m[WARNING] LOAD DATA LOCAL INFILE failed, using alternative method...[0m
[2025-09-26 13:30:13] Using alternative import method for active_part1.csv...
[0;32m[SUCCESS] Imported [2025-09-26 13:30:13] Using alternative import method for active_part1.csv...
0 active domains from active_part1.csv[0m
[0;31m[ERROR] Invalid count returned for active_part1.csv: [2025-09-26 13:30:13] Importing active domains from: active_part1.csv
[1;33m[WARNING] LOAD DATA LOCAL INFILE failed, using alternative method...[0m
[0;32m[SUCCESS] Imported [2025-09-26 13:30:13] Using alternative import method for active_part1.csv...
0 active domains from active_part1.csv[0m
[2025-09-26 13:30:13] Using alternative import method for active_part1.csv...
0[0m
[2025-09-26 13:30:16] Importing active domains from: active_part2.csv
[1;33m[WARNING] LOAD DATA LOCAL INFILE failed, using alternative method...[0m
[2025-09-26 13:30:16] Using alternative import method for active_part2.csv...
[0;32m[SUCCESS] Imported [2025-09-26 13:30:16] Using alternative import method for active_part2.csv...
0 active domains from active_part2.csv[0m
[0;31m[ERROR] Invalid count returned for active_part2.csv: [2025-09-26 13:30:16] Importing active domains from: active_part2.csv
[1;33m[WARNING] LOAD DATA LOCAL INFILE failed, using alternative method...[0m
[0;32m[SUCCESS] Imported [2025-09-26 13:30:16] Using alternative import method for active_part2.csv...
0 active domains from active_part2.csv[0m
[2025-09-26 13:30:16] Using alternative import method for active_part2.csv...
0[0m
[2025-09-26 13:30:19] Importing active domains from: active_part3.csv
[1;33m[WARNING] LOAD DATA LOCAL INFILE failed, using alternative method...[0m
[2025-09-26 13:30:19] Using alternative import method for active_part3.csv...
[0;32m[SUCCESS] Imported [2025-09-26 13:30:19] Using alternative import method for active_part3.csv...
0 active domains from active_part3.csv[0m
[0;31m[ERROR] Invalid count returned for active_part3.csv: [2025-09-26 13:30:19] Importing active domains from: active_part3.csv
[1;33m[WARNING] LOAD DATA LOCAL INFILE failed, using alternative method...[0m
[0;32m[SUCCESS] Imported [2025-09-26 13:30:19] Using alternative import method for active_part3.csv...
0 active domains from active_part3.csv[0m
[2025-09-26 13:30:19] Using alternative import method for active_part3.csv...
0[0m
[2025-09-26 13:30:22] Importing active domains from: active_part4.csv
[1;33m[WARNING] LOAD DATA LOCAL INFILE failed, using alternative method...[0m
[2025-09-26 13:30:22] Using alternative import method for active_part4.csv...
[0;32m[SUCCESS] Imported [2025-09-26 13:30:22] Using alternative import method for active_part4.csv...
0 active domains from active_part4.csv[0m
[0;31m[ERROR] Invalid count returned for active_part4.csv: [2025-09-26 13:30:22] Importing active domains from: active_part4.csv
[1;33m[WARNING] LOAD DATA LOCAL INFILE failed, using alternative method...[0m
[0;32m[SUCCESS] Imported [2025-09-26 13:30:22] Using alternative import method for active_part4.csv...
0 active domains from active_part4.csv[0m
[2025-09-26 13:30:22] Using alternative import method for active_part4.csv...
0[0m
[2025-09-26 13:30:25] Importing active domains from: active_part5.csv
[1;33m[WARNING] LOAD DATA LOCAL INFILE failed, using alternative method...[0m
[2025-09-26 13:30:25] Using alternative import method for active_part5.csv...
[0;32m[SUCCESS] Imported [2025-09-26 13:30:25] Using alternative import method for active_part5.csv...
0 active domains from active_part5.csv[0m
[0;31m[ERROR] Invalid count returned for active_part5.csv: [2025-09-26 13:30:25] Importing active domains from: active_part5.csv
[1;33m[WARNING] LOAD DATA LOCAL INFILE failed, using alternative method...[0m
[0;32m[SUCCESS] Imported [2025-09-26 13:30:25] Using alternative import method for active_part5.csv...
0 active domains from active_part5.csv[0m
[2025-09-26 13:30:25] Using alternative import method for active_part5.csv...
0[0m
[2025-09-26 13:30:28] Importing active domains from: active_part6.csv
[1;33m[WARNING] LOAD DATA LOCAL INFILE failed, using alternative method...[0m
[2025-09-26 13:30:28] Using alternative import method for active_part6.csv...
[0;32m[SUCCESS] Imported [2025-09-26 13:30:28] Using alternative import method for active_part6.csv...
0 active domains from active_part6.csv[0m
[0;31m[ERROR] Invalid count returned for active_part6.csv: [2025-09-26 13:30:28] Importing active domains from: active_part6.csv
[1;33m[WARNING] LOAD DATA LOCAL INFILE failed, using alternative method...[0m
[0;32m[SUCCESS] Imported [2025-09-26 13:30:28] Using alternative import method for active_part6.csv...
0 active domains from active_part6.csv[0m
[2025-09-26 13:30:28] Using alternative import method for active_part6.csv...
0[0m
[2025-09-26 13:30:31] Importing active domains from: active_part7.csv
[1;33m[WARNING] LOAD DATA LOCAL INFILE failed, using alternative method...[0m
[2025-09-26 13:30:31] Using alternative import method for active_part7.csv...
[0;32m[SUCCESS] Imported [2025-09-26 13:30:31] Using alternative import method for active_part7.csv...
0 active domains from active_part7.csv[0m
[0;31m[ERROR] Invalid count returned for active_part7.csv: [2025-09-26 13:30:31] Importing active domains from: active_part7.csv
[1;33m[WARNING] LOAD DATA LOCAL INFILE failed, using alternative method...[0m
[0;32m[SUCCESS] Imported [2025-09-26 13:30:31] Using alternative import method for active_part7.csv...
0 active domains from active_part7.csv[0m
[2025-09-26 13:30:31] Using alternative import method for active_part7.csv...
0[0m
[2025-09-26 13:30:33] Importing active domains from: active_part8.csv
[1;33m[WARNING] LOAD DATA LOCAL INFILE failed, using alternative method...[0m
[2025-09-26 13:30:33] Using alternative import method for active_part8.csv...
[0;32m[SUCCESS] Imported [2025-09-26 13:30:33] Using alternative import method for active_part8.csv...
0 active domains from active_part8.csv[0m
[0;31m[ERROR] Invalid count returned for active_part8.csv: [2025-09-26 13:30:33] Importing active domains from: active_part8.csv
[1;33m[WARNING] LOAD DATA LOCAL INFILE failed, using alternative method...[0m
[0;32m[SUCCESS] Imported [2025-09-26 13:30:33] Using alternative import method for active_part8.csv...
0 active domains from active_part8.csv[0m
[2025-09-26 13:30:33] Using alternative import method for active_part8.csv...
0[0m
[2025-09-26 13:30:36] Importing active domains from: active_part9.csv
[1;33m[WARNING] LOAD DATA LOCAL INFILE failed, using alternative method...[0m
[2025-09-26 13:30:36] Using alternative import method for active_part9.csv...
[0;32m[SUCCESS] Imported [2025-09-26 13:30:36] Using alternative import method for active_part9.csv...
0 active domains from active_part9.csv[0m
[0;31m[ERROR] Invalid count returned for active_part9.csv: [2025-09-26 13:30:36] Importing active domains from: active_part9.csv
[1;33m[WARNING] LOAD DATA LOCAL INFILE failed, using alternative method...[0m
[0;32m[SUCCESS] Imported [2025-09-26 13:30:36] Using alternative import method for active_part9.csv...
0 active domains from active_part9.csv[0m
[2025-09-26 13:30:36] Using alternative import method for active_part9.csv...
0[0m
[0;32m[SUCCESS] Total active domains imported: 0[0m
[2025-09-26 13:30:39] Starting import of all failed domain files...
[2025-09-26 13:30:39] Importing failed domains from: fail_part1.csv
[1;33m[WARNING] LOAD DATA LOCAL INFILE failed, using alternative method...[0m
[2025-09-26 13:30:39] Using alternative import method for fail_part1.csv...
[0;32m[SUCCESS] Imported [2025-09-26 13:30:39] Using alternative import method for fail_part1.csv...
0 failed domains from fail_part1.csv[0m
[0;31m[ERROR] Invalid count returned for fail_part1.csv: [2025-09-26 13:30:39] Importing failed domains from: fail_part1.csv
[1;33m[WARNING] LOAD DATA LOCAL INFILE failed, using alternative method...[0m
[0;32m[SUCCESS] Imported [2025-09-26 13:30:39] Using alternative import method for fail_part1.csv...
0 failed domains from fail_part1.csv[0m
[2025-09-26 13:30:39] Using alternative import method for fail_part1.csv...
0[0m
[2025-09-26 13:30:41] Importing failed domains from: fail_part2.csv
[1;33m[WARNING] LOAD DATA LOCAL INFILE failed, using alternative method...[0m
[2025-09-26 13:30:41] Using alternative import method for fail_part2.csv...
[0;32m[SUCCESS] Imported [2025-09-26 13:30:41] Using alternative import method for fail_part2.csv...
0 failed domains from fail_part2.csv[0m
[0;31m[ERROR] Invalid count returned for fail_part2.csv: [2025-09-26 13:30:41] Importing failed domains from: fail_part2.csv
[1;33m[WARNING] LOAD DATA LOCAL INFILE failed, using alternative method...[0m
[0;32m[SUCCESS] Imported [2025-09-26 13:30:41] Using alternative import method for fail_part2.csv...
0 failed domains from fail_part2.csv[0m
[2025-09-26 13:30:41] Using alternative import method for fail_part2.csv...
0[0m
[2025-09-26 13:30:43] Importing failed domains from: fail_part3.csv
[1;33m[WARNING] LOAD DATA LOCAL INFILE failed, using alternative method...[0m
[2025-09-26 13:30:43] Using alternative import method for fail_part3.csv...
[0;32m[SUCCESS] Imported [2025-09-26 13:30:43] Using alternative import method for fail_part3.csv...
0 failed domains from fail_part3.csv[0m
[0;31m[ERROR] Invalid count returned for fail_part3.csv: [2025-09-26 13:30:43] Importing failed domains from: fail_part3.csv
[1;33m[WARNING] LOAD DATA LOCAL INFILE failed, using alternative method...[0m
[0;32m[SUCCESS] Imported [2025-09-26 13:30:43] Using alternative import method for fail_part3.csv...
0 failed domains from fail_part3.csv[0m
[2025-09-26 13:30:43] Using alternative import method for fail_part3.csv...
0[0m
[0;32m[SUCCESS] Total failed domains imported: 0[0m
[2025-09-26 13:30:46] Tracking original CSV files...
[2025-09-26 13:30:46] Import completed! Generating summary...
[2025-09-26 13:30:46] Generating summary report...
[0;32m[SUCCESS] Database import completed successfully![0m
[0;32m[SUCCESS] Log file: /home/bhanuka/domain_system/db_logs/import_20250926_133001.log[0m
