[2025-09-26 13:38:48] Starting database import process...
[2025-09-26 13:38:48] Testing database connection...
[0;32m[SUCCESS] Database connection successful[0m
[2025-09-26 13:38:49] Enabling local_infile...
[2025-09-26 13:38:49] Creating database schema...
[0;32m[SUCCESS] Database schema created successfully[0m
[2025-09-26 13:38:49] Starting data import...
[2025-09-26 13:38:49] Importing all active CSVs...
[2025-09-26 13:38:49] Importing active_domains from /home/bhanuka/domain_system/results/active/active_part10.csv
[1;33m[WARNING] LOAD DATA failed, fallback to line-by-line insert...[0m
[0;32m[SUCCESS] Imported 0 records into active_domains[0m
[2025-09-26 13:38:51] Importing all failed CSVs...
[2025-09-26 13:38:51] Importing failed_domains from /home/bhanuka/domain_system/results/fail/fail_part1.csv
[1;33m[WARNING] LOAD DATA failed, fallback to line-by-line insert...[0m
[0;32m[SUCCESS] Imported 0 records into failed_domains[0m
[2025-09-26 13:38:54] Tracking original CSV files...
[2025-09-26 13:38:54] Import completed! Generating summary...
[2025-09-26 13:38:54] Generating summary report...
[0;32m[SUCCESS] Database import completed successfully![0m
[0;32m[SUCCESS] Log file: /home/bhanuka/domain_system/db_logs/import_20250926_133848.log[0m
