[2025-09-26 13:43:56] Starting database import process...
[2025-09-26 13:43:56] Testing database connection...
[0;32m[SUCCESS] Database connection successful[0m
[2025-09-26 13:43:56] Enabling local_infile...
[2025-09-26 13:43:56] Creating database schema...
[0;32m[SUCCESS] Database schema created successfully[0m
[2025-09-26 13:43:56] Starting data import...
[2025-09-26 13:43:56] Starting import of all active CSVs...
[2025-09-26 13:43:56] Importing active_domains from /home/bhanuka/domain_system/results/active/active_part10.csv
[1;33m[WARNING] LOAD DATA failed, fallback to line-by-line insert...[0m
[0;32m[SUCCESS] Imported 0 records into active_domains[0m
[2025-09-26 13:43:59] Importing active_domains from /home/bhanuka/domain_system/results/active/active_part11.csv
[1;33m[WARNING] LOAD DATA failed, fallback to line-by-line insert...[0m
[0;32m[SUCCESS] Imported 0 records into active_domains[0m
[2025-09-26 13:44:01] Importing active_domains from /home/bhanuka/domain_system/results/active/active_part12.csv
[1;33m[WARNING] LOAD DATA failed, fallback to line-by-line insert...[0m
[0;32m[SUCCESS] Imported 0 records into active_domains[0m
[2025-09-26 13:44:04] Importing active_domains from /home/bhanuka/domain_system/results/active/active_part13.csv
[1;33m[WARNING] LOAD DATA failed, fallback to line-by-line insert...[0m
[0;32m[SUCCESS] Imported 0 records into active_domains[0m
[2025-09-26 13:44:06] Importing active_domains from /home/bhanuka/domain_system/results/active/active_part1.csv
[1;33m[WARNING] LOAD DATA failed, fallback to line-by-line insert...[0m
[0;32m[SUCCESS] Imported 0 records into active_domains[0m
[2025-09-26 13:44:09] Importing active_domains from /home/bhanuka/domain_system/results/active/active_part2.csv
[1;33m[WARNING] LOAD DATA failed, fallback to line-by-line insert...[0m
[0;32m[SUCCESS] Imported 0 records into active_domains[0m
[2025-09-26 13:44:12] Importing active_domains from /home/bhanuka/domain_system/results/active/active_part3.csv
[1;33m[WARNING] LOAD DATA failed, fallback to line-by-line insert...[0m
[0;32m[SUCCESS] Imported 0 records into active_domains[0m
[2025-09-26 13:44:14] Importing active_domains from /home/bhanuka/domain_system/results/active/active_part4.csv
[1;33m[WARNING] LOAD DATA failed, fallback to line-by-line insert...[0m
[0;32m[SUCCESS] Imported 0 records into active_domains[0m
[2025-09-26 13:44:17] Importing active_domains from /home/bhanuka/domain_system/results/active/active_part5.csv
[1;33m[WARNING] LOAD DATA failed, fallback to line-by-line insert...[0m
[0;32m[SUCCESS] Imported 0 records into active_domains[0m
[2025-09-26 13:44:20] Importing active_domains from /home/bhanuka/domain_system/results/active/active_part6.csv
[1;33m[WARNING] LOAD DATA failed, fallback to line-by-line insert...[0m
[0;32m[SUCCESS] Imported 0 records into active_domains[0m
[2025-09-26 13:44:23] Importing active_domains from /home/bhanuka/domain_system/results/active/active_part7.csv
[1;33m[WARNING] LOAD DATA failed, fallback to line-by-line insert...[0m
[0;32m[SUCCESS] Imported 0 records into active_domains[0m
[2025-09-26 13:44:26] Importing active_domains from /home/bhanuka/domain_system/results/active/active_part8.csv
[1;33m[WARNING] LOAD DATA failed, fallback to line-by-line insert...[0m
[0;32m[SUCCESS] Imported 0 records into active_domains[0m
[2025-09-26 13:44:29] Importing active_domains from /home/bhanuka/domain_system/results/active/active_part9.csv
[1;33m[WARNING] LOAD DATA failed, fallback to line-by-line insert...[0m
[0;32m[SUCCESS] Imported 0 records into active_domains[0m
[0;32m[SUCCESS] Total active domains imported: 0[0m
[2025-09-26 13:44:32] Starting import of all failed CSVs...
[2025-09-26 13:44:32] Importing failed_domains from /home/bhanuka/domain_system/results/fail/fail_part1.csv
[1;33m[WARNING] LOAD DATA failed, fallback to line-by-line insert...[0m
[0;32m[SUCCESS] Imported 0 records into failed_domains[0m
[2025-09-26 13:44:34] Importing failed_domains from /home/bhanuka/domain_system/results/fail/fail_part2.csv
[1;33m[WARNING] LOAD DATA failed, fallback to line-by-line insert...[0m
[0;32m[SUCCESS] Imported 0 records into failed_domains[0m
[2025-09-26 13:44:37] Importing failed_domains from /home/bhanuka/domain_system/results/fail/fail_part3.csv
[1;33m[WARNING] LOAD DATA failed, fallback to line-by-line insert...[0m
[0;32m[SUCCESS] Imported 0 records into failed_domains[0m
[0;32m[SUCCESS] Total failed domains imported: 0[0m
[2025-09-26 13:44:40] Tracking original CSV files...
[2025-09-26 13:44:40] Generating summary report...
[0;32m[SUCCESS] Database import completed successfully![0m
[0;32m[SUCCESS] Log file: /home/bhanuka/domain_system/db_logs/import_20250926_134356.log[0m
